<?xml version="1.0" encoding="UTF-8"?>
<coverage generated="1610740988770" clover="3.2.0">
  <project timestamp="1610740988770" name="All files">
    <metrics statements="90" coveredstatements="90" conditionals="17" coveredconditionals="17" methods="28" coveredmethods="28" elements="135" coveredelements="135" complexity="0" loc="90" ncloc="90" packages="1" files="4" classes="4"/>
    <file name="constants.ts" path="D:\projects\root-coding-challenge\src\constants.ts">
      <metrics statements="3" coveredstatements="3" conditionals="0" coveredconditionals="0" methods="1" coveredmethods="1"/>
      <line num="3" count="1" type="stmt"/>
      <line num="4" count="1" type="stmt"/>
      <line num="7" count="3" type="stmt"/>
    </file>
    <file name="driver.ts" path="D:\projects\root-coding-challenge\src\driver.ts">
      <metrics statements="14" coveredstatements="14" conditionals="2" coveredconditionals="2" methods="5" coveredmethods="5"/>
      <line num="3" count="2" type="stmt"/>
      <line num="9" count="33" type="stmt"/>
      <line num="10" count="33" type="stmt"/>
      <line num="11" count="33" type="stmt"/>
      <line num="19" count="2" type="stmt"/>
      <line num="20" count="15" type="stmt"/>
      <line num="29" count="2" type="stmt"/>
      <line num="30" count="13" type="cond" truecount="2" falsecount="0"/>
      <line num="31" count="4" type="stmt"/>
      <line num="33" count="9" type="stmt"/>
      <line num="37" count="2" type="stmt"/>
      <line num="39" count="8" type="stmt"/>
      <line num="40" count="8" type="stmt"/>
      <line num="42" count="2" type="stmt"/>
    </file>
    <file name="report.ts" path="D:\projects\root-coding-challenge\src\report.ts">
      <metrics statements="63" coveredstatements="63" conditionals="13" coveredconditionals="13" methods="19" coveredmethods="19"/>
      <line num="1" count="1" type="stmt"/>
      <line num="2" count="1" type="stmt"/>
      <line num="3" count="1" type="stmt"/>
      <line num="4" count="1" type="stmt"/>
      <line num="6" count="1" type="stmt"/>
      <line num="10" count="35" type="stmt"/>
      <line num="11" count="35" type="stmt"/>
      <line num="12" count="35" type="stmt"/>
      <line num="19" count="1" type="stmt"/>
      <line num="25" count="2" type="stmt"/>
      <line num="32" count="2" type="stmt"/>
      <line num="40" count="35" type="stmt"/>
      <line num="41" count="5" type="stmt"/>
      <line num="42" count="5" type="cond" truecount="2" falsecount="0"/>
      <line num="43" count="3" type="stmt"/>
      <line num="44" count="2" type="cond" truecount="2" falsecount="0"/>
      <line num="45" count="1" type="stmt"/>
      <line num="47" count="1" type="stmt"/>
      <line num="54" count="35" type="stmt"/>
      <line num="55" count="3" type="stmt"/>
      <line num="61" count="3" type="stmt"/>
      <line num="62" count="3" type="stmt"/>
      <line num="63" count="3" type="stmt"/>
      <line num="64" count="3" type="stmt"/>
      <line num="72" count="1" type="stmt"/>
      <line num="73" count="8" type="cond" truecount="2" falsecount="0"/>
      <line num="74" count="3" type="stmt"/>
      <line num="76" count="5" type="stmt"/>
      <line num="85" count="1" type="stmt"/>
      <line num="86" count="3" type="stmt"/>
      <line num="94" count="1" type="stmt"/>
      <line num="95" count="5" type="stmt"/>
      <line num="104" count="1" type="stmt"/>
      <line num="105" count="3" type="stmt"/>
      <line num="106" count="3" type="cond" truecount="2" falsecount="0"/>
      <line num="107" count="2" type="stmt"/>
      <line num="108" count="2" type="stmt"/>
      <line num="116" count="1" type="stmt"/>
      <line num="117" count="4" type="stmt"/>
      <line num="124" count="1" type="stmt"/>
      <line num="125" count="4" type="stmt"/>
      <line num="126" count="4" type="stmt"/>
      <line num="127" count="8" type="cond" truecount="2" falsecount="0"/>
      <line num="134" count="1" type="stmt"/>
      <line num="135" count="8" type="stmt"/>
      <line num="136" count="4" type="cond" truecount="3" falsecount="0"/>
      <line num="137" count="2" type="stmt"/>
      <line num="138" count="2" type="stmt"/>
      <line num="146" count="1" type="stmt"/>
      <line num="147" count="5" type="stmt"/>
      <line num="154" count="1" type="stmt"/>
      <line num="155" count="5" type="stmt"/>
      <line num="156" count="5" type="stmt"/>
      <line num="157" count="5" type="stmt"/>
      <line num="158" count="5" type="stmt"/>
      <line num="159" count="5" type="stmt"/>
      <line num="160" count="5" type="stmt"/>
      <line num="167" count="1" type="stmt"/>
      <line num="168" count="13" type="stmt"/>
      <line num="169" count="13" type="stmt"/>
      <line num="170" count="13" type="stmt"/>
      <line num="171" count="13" type="stmt"/>
      <line num="173" count="1" type="stmt"/>
    </file>
    <file name="trip.ts" path="D:\projects\root-coding-challenge\src\trip.ts">
      <metrics statements="10" coveredstatements="10" conditionals="2" coveredconditionals="2" methods="3" coveredmethods="3"/>
      <line num="1" count="3" type="stmt"/>
      <line num="8" count="3" type="stmt"/>
      <line num="9" count="34" type="stmt"/>
      <line num="18" count="27" type="stmt"/>
      <line num="19" count="27" type="stmt"/>
      <line num="20" count="27" type="stmt"/>
      <line num="21" count="27" type="stmt"/>
      <line num="27" count="3" type="stmt"/>
      <line num="28" count="11" type="cond" truecount="2" falsecount="0"/>
      <line num="30" count="3" type="stmt"/>
    </file>
  </project>
</coverage>
