{"D:\\projects\\root-coding-challenge\\src\\constants.ts": {"path":"D:\\projects\\root-coding-challenge\\src\\constants.ts","statementMap":{"0":{"start":{"line":3,"column":13},"end":{"line":3,"column":39}},"1":{"start":{"line":4,"column":13},"end":{"line":4,"column":35}},"2":{"start":{"line":7,"column":37},"end":{"line":7,"column":64}},"3":{"start":{"line":7,"column":63},"end":{"line":7,"column":93}},"4":{"start":{"line":7,"column":13},"end":{"line":7,"column":37}}},"fnMap":{"0":{"name":"(anonymous_0)","decl":{"start":{"line":7,"column":37},"end":{"line":7,"column":38}},"loc":{"start":{"line":7,"column":58},"end":{"line":7,"column":64}}}},"branchMap":{},"s":{"0":1,"1":1,"2":1,"3":3,"4":1},"f":{"0":3},"b":{}}
,"D:\\projects\\root-coding-challenge\\src\\driver.ts": {"path":"D:\\projects\\root-coding-challenge\\src\\driver.ts","statementMap":{"0":{"start":{"line":3,"column":0},"end":{"line":3,"column":13}},"1":{"start":{"line":9,"column":8},"end":{"line":9,"column":25}},"2":{"start":{"line":10,"column":8},"end":{"line":10,"column":29}},"3":{"start":{"line":11,"column":8},"end":{"line":11,"column":26}},"4":{"start":{"line":19,"column":4},"end":{"line":21,"column":null}},"5":{"start":{"line":20,"column":8},"end":{"line":20,"column":33}},"6":{"start":{"line":29,"column":4},"end":{"line":35,"column":null}},"7":{"start":{"line":30,"column":8},"end":{"line":34,"column":null}},"8":{"start":{"line":31,"column":12},"end":{"line":31,"column":125}},"9":{"start":{"line":33,"column":12},"end":{"line":33,"column":39}},"10":{"start":{"line":37,"column":4},"end":{"line":41,"column":null}},"11":{"start":{"line":39,"column":8},"end":{"line":39,"column":42}},"12":{"start":{"line":40,"column":8},"end":{"line":40,"column":34}},"13":{"start":{"line":42,"column":0},"end":{"line":42,"column":null}},"14":{"start":{"line":3,"column":13},"end":{"line":3,"column":19}}},"fnMap":{"0":{"name":"(anonymous_0)","decl":{"start":{"line":3,"column":0},"end":{"line":3,"column":13}},"loc":{"start":{"line":3,"column":0},"end":{"line":42,"column":null}}},"1":{"name":"Driver","decl":{"start":{"line":8,"column":4},"end":{"line":8,"column":16}},"loc":{"start":{"line":8,"column":28},"end":{"line":12,"column":5}}},"2":{"name":"(anonymous_2)","decl":{"start":{"line":19,"column":4},"end":{"line":19,"column":21}},"loc":{"start":{"line":19,"column":35},"end":{"line":21,"column":5}}},"3":{"name":"(anonymous_3)","decl":{"start":{"line":29,"column":4},"end":{"line":29,"column":18}},"loc":{"start":{"line":29,"column":29},"end":{"line":35,"column":5}}},"4":{"name":"(anonymous_4)","decl":{"start":{"line":37,"column":4},"end":{"line":37,"column":16}},"loc":{"start":{"line":37,"column":27},"end":{"line":41,"column":5}}}},"branchMap":{"0":{"loc":{"start":{"line":30,"column":8},"end":{"line":34,"column":null}},"type":"if","locations":[{"start":{"line":30,"column":8},"end":{"line":34,"column":null}},{"start":{"line":30,"column":8},"end":{"line":34,"column":null}}]}},"s":{"0":2,"1":33,"2":33,"3":33,"4":2,"5":15,"6":2,"7":13,"8":4,"9":9,"10":2,"11":8,"12":8,"13":2,"14":2},"f":{"0":2,"1":33,"2":15,"3":13,"4":8},"b":{"0":[4,9]}}
,"D:\\projects\\root-coding-challenge\\src\\report.ts": {"path":"D:\\projects\\root-coding-challenge\\src\\report.ts","statementMap":{"0":{"start":{"line":1,"column":0},"end":{"line":1,"column":82}},"1":{"start":{"line":2,"column":0},"end":{"line":2,"column":34}},"2":{"start":{"line":3,"column":0},"end":{"line":3,"column":30}},"3":{"start":{"line":4,"column":0},"end":{"line":4,"column":37}},"4":{"start":{"line":6,"column":0},"end":{"line":6,"column":13}},"5":{"start":{"line":10,"column":4},"end":{"line":10,"column":null}},"6":{"start":{"line":40,"column":4},"end":{"line":49,"column":null}},"7":{"start":{"line":41,"column":24},"end":{"line":41,"column":47}},"8":{"start":{"line":42,"column":8},"end":{"line":48,"column":null}},"9":{"start":{"line":43,"column":12},"end":{"line":43,"column":36}},"10":{"start":{"line":44,"column":15},"end":{"line":48,"column":null}},"11":{"start":{"line":45,"column":12},"end":{"line":45,"column":34}},"12":{"start":{"line":47,"column":12},"end":{"line":47,"column":56}},"13":{"start":{"line":54,"column":4},"end":{"line":56,"column":null}},"14":{"start":{"line":55,"column":8},"end":{"line":55,"column":42}},"15":{"start":{"line":11,"column":8},"end":{"line":11,"column":26}},"16":{"start":{"line":12,"column":8},"end":{"line":12,"column":24}},"17":{"start":{"line":19,"column":4},"end":{"line":34,"column":null}},"18":{"start":{"line":25,"column":17},"end":{"line":30,"column":10}},"19":{"start":{"line":32,"column":8},"end":{"line":33,"column":39}},"20":{"start":{"line":61,"column":4},"end":{"line":66,"column":null}},"21":{"start":{"line":61,"column":4},"end":{"line":61,"column":18}},"22":{"start":{"line":62,"column":8},"end":{"line":62,"column":44}},"23":{"start":{"line":63,"column":8},"end":{"line":65,"column":11}},"24":{"start":{"line":64,"column":8},"end":{"line":64,"column":47}},"25":{"start":{"line":72,"column":4},"end":{"line":78,"column":null}},"26":{"start":{"line":73,"column":8},"end":{"line":77,"column":null}},"27":{"start":{"line":74,"column":12},"end":{"line":74,"column":114}},"28":{"start":{"line":76,"column":12},"end":{"line":76,"column":45}},"29":{"start":{"line":85,"column":4},"end":{"line":87,"column":null}},"30":{"start":{"line":86,"column":8},"end":{"line":86,"column":59}},"31":{"start":{"line":94,"column":4},"end":{"line":96,"column":null}},"32":{"start":{"line":95,"column":8},"end":{"line":95,"column":49}},"33":{"start":{"line":104,"column":4},"end":{"line":110,"column":null}},"34":{"start":{"line":105,"column":21},"end":{"line":105,"column":48}},"35":{"start":{"line":106,"column":8},"end":{"line":109,"column":null}},"36":{"start":{"line":107,"column":12},"end":{"line":107,"column":31}},"37":{"start":{"line":108,"column":12},"end":{"line":108,"column":37}},"38":{"start":{"line":116,"column":4},"end":{"line":118,"column":null}},"39":{"start":{"line":117,"column":8},"end":{"line":117,"column":43}},"40":{"start":{"line":124,"column":4},"end":{"line":128,"column":null}},"41":{"start":{"line":125,"column":27},"end":{"line":125,"column":77}},"42":{"start":{"line":125,"column":50},"end":{"line":125,"column":77}},"43":{"start":{"line":126,"column":8},"end":{"line":126,"column":38}},"44":{"start":{"line":127,"column":8},"end":{"line":127,"column":90}},"45":{"start":{"line":127,"column":45},"end":{"line":127,"column":89}},"46":{"start":{"line":134,"column":4},"end":{"line":140,"column":null}},"47":{"start":{"line":135,"column":8},"end":{"line":139,"column":null}},"48":{"start":{"line":136,"column":33},"end":{"line":136,"column":null}},"49":{"start":{"line":137,"column":31},"end":{"line":137,"column":null}},"50":{"start":{"line":138,"column":21},"end":{"line":138,"column":null}},"51":{"start":{"line":146,"column":4},"end":{"line":148,"column":null}},"52":{"start":{"line":147,"column":8},"end":{"line":147,"column":46}},"53":{"start":{"line":154,"column":4},"end":{"line":161,"column":null}},"54":{"start":{"line":155,"column":22},"end":{"line":155,"column":37}},"55":{"start":{"line":156,"column":27},"end":{"line":156,"column":35}},"56":{"start":{"line":157,"column":22},"end":{"line":157,"column":46}},"57":{"start":{"line":158,"column":20},"end":{"line":158,"column":44}},"58":{"start":{"line":159,"column":21},"end":{"line":159,"column":41}},"59":{"start":{"line":160,"column":8},"end":{"line":160,"column":54}},"60":{"start":{"line":167,"column":4},"end":{"line":172,"column":null}},"61":{"start":{"line":168,"column":22},"end":{"line":168,"column":36}},"62":{"start":{"line":169,"column":22},"end":{"line":169,"column":42}},"63":{"start":{"line":170,"column":24},"end":{"line":170,"column":44}},"64":{"start":{"line":171,"column":8},"end":{"line":171,"column":38}},"65":{"start":{"line":173,"column":0},"end":{"line":173,"column":null}},"66":{"start":{"line":6,"column":13},"end":{"line":6,"column":19}}},"fnMap":{"0":{"name":"(anonymous_1)","decl":{"start":{"line":6,"column":0},"end":{"line":6,"column":13}},"loc":{"start":{"line":6,"column":0},"end":{"line":173,"column":null}}},"1":{"name":"Report","decl":{"start":{"line":10,"column":4},"end":{"line":10,"column":null}},"loc":{"start":{"line":10,"column":4},"end":{"line":13,"column":5}}},"2":{"name":"(anonymous_3)","decl":{"start":{"line":40,"column":17},"end":{"line":40,"column":18}},"loc":{"start":{"line":40,"column":30},"end":{"line":49,"column":5}}},"3":{"name":"(anonymous_4)","decl":{"start":{"line":54,"column":18},"end":{"line":54,"column":null}},"loc":{"start":{"line":54,"column":18},"end":{"line":56,"column":5}}},"4":{"name":"(anonymous_5)","decl":{"start":{"line":19,"column":4},"end":{"line":19,"column":7}},"loc":{"start":{"line":19,"column":4},"end":{"line":34,"column":5}}},"5":{"name":"(anonymous_6)","decl":{"start":{"line":61,"column":4},"end":{"line":61,"column":18}},"loc":{"start":{"line":61,"column":41},"end":{"line":66,"column":5}}},"6":{"name":"(anonymous_7)","decl":{"start":{"line":63,"column":24},"end":{"line":63,"column":30}},"loc":{"start":{"line":63,"column":30},"end":{"line":65,"column":9}}},"7":{"name":"(anonymous_8)","decl":{"start":{"line":72,"column":4},"end":{"line":72,"column":16}},"loc":{"start":{"line":72,"column":31},"end":{"line":78,"column":5}}},"8":{"name":"(anonymous_9)","decl":{"start":{"line":85,"column":4},"end":{"line":85,"column":16}},"loc":{"start":{"line":85,"column":29},"end":{"line":87,"column":5}}},"9":{"name":"(anonymous_10)","decl":{"start":{"line":94,"column":4},"end":{"line":94,"column":18}},"loc":{"start":{"line":94,"column":33},"end":{"line":96,"column":5}}},"10":{"name":"(anonymous_11)","decl":{"start":{"line":104,"column":4},"end":{"line":104,"column":14}},"loc":{"start":{"line":104,"column":27},"end":{"line":110,"column":5}}},"11":{"name":"(anonymous_12)","decl":{"start":{"line":116,"column":4},"end":{"line":116,"column":11}},"loc":{"start":{"line":116,"column":22},"end":{"line":118,"column":5}}},"12":{"name":"(anonymous_13)","decl":{"start":{"line":124,"column":4},"end":{"line":124,"column":17}},"loc":{"start":{"line":124,"column":28},"end":{"line":128,"column":5}}},"13":{"name":"(anonymous_14)","decl":{"start":{"line":125,"column":45},"end":{"line":125,"column":46}},"loc":{"start":{"line":125,"column":46},"end":{"line":125,"column":51}}},"14":{"name":"(anonymous_15)","decl":{"start":{"line":127,"column":40},"end":{"line":127,"column":41}},"loc":{"start":{"line":127,"column":41},"end":{"line":127,"column":46}}},"15":{"name":"(anonymous_16)","decl":{"start":{"line":134,"column":4},"end":{"line":134,"column":16}},"loc":{"start":{"line":134,"column":29},"end":{"line":140,"column":5}}},"16":{"name":"(anonymous_17)","decl":{"start":{"line":146,"column":4},"end":{"line":146,"column":22}},"loc":{"start":{"line":146,"column":35},"end":{"line":148,"column":5}}},"17":{"name":"(anonymous_18)","decl":{"start":{"line":154,"column":4},"end":{"line":154,"column":20}},"loc":{"start":{"line":154,"column":33},"end":{"line":161,"column":5}}},"18":{"name":"(anonymous_19)","decl":{"start":{"line":167,"column":4},"end":{"line":167,"column":13}},"loc":{"start":{"line":167,"column":25},"end":{"line":172,"column":5}}}},"branchMap":{"0":{"loc":{"start":{"line":42,"column":8},"end":{"line":48,"column":null}},"type":"if","locations":[{"start":{"line":42,"column":8},"end":{"line":48,"column":null}},{"start":{"line":42,"column":8},"end":{"line":48,"column":null}}]},"1":{"loc":{"start":{"line":44,"column":15},"end":{"line":48,"column":null}},"type":"if","locations":[{"start":{"line":44,"column":15},"end":{"line":48,"column":null}},{"start":{"line":44,"column":15},"end":{"line":48,"column":null}}]},"2":{"loc":{"start":{"line":73,"column":8},"end":{"line":77,"column":null}},"type":"if","locations":[{"start":{"line":73,"column":8},"end":{"line":77,"column":null}},{"start":{"line":73,"column":8},"end":{"line":77,"column":null}}]},"3":{"loc":{"start":{"line":106,"column":8},"end":{"line":109,"column":null}},"type":"if","locations":[{"start":{"line":106,"column":8},"end":{"line":109,"column":null}},{"start":{"line":106,"column":8},"end":{"line":109,"column":null}}]},"4":{"loc":{"start":{"line":127,"column":74},"end":{"line":127,"column":84}},"type":"cond-expr","locations":[{"start":{"line":127,"column":74},"end":{"line":127,"column":84}},{"start":{"line":127,"column":87},"end":{"line":127,"column":88}}]},"5":{"loc":{"start":{"line":136,"column":12},"end":{"line":136,"column":null}},"type":"switch","locations":[{"start":{"line":136,"column":12},"end":{"line":136,"column":null}},{"start":{"line":137,"column":12},"end":{"line":137,"column":null}},{"start":{"line":138,"column":12},"end":{"line":138,"column":null}}]}},"s":{"0":1,"1":1,"2":1,"3":1,"4":1,"5":35,"6":35,"7":5,"8":5,"9":3,"10":2,"11":1,"12":1,"13":35,"14":3,"15":35,"16":35,"17":1,"18":2,"19":2,"20":1,"21":3,"22":3,"23":3,"24":3,"25":1,"26":8,"27":3,"28":5,"29":1,"30":3,"31":1,"32":5,"33":1,"34":3,"35":3,"36":2,"37":2,"38":1,"39":4,"40":1,"41":4,"42":4,"43":4,"44":4,"45":8,"46":1,"47":8,"48":4,"49":2,"50":2,"51":1,"52":5,"53":1,"54":5,"55":5,"56":5,"57":5,"58":5,"59":5,"60":1,"61":13,"62":13,"63":13,"64":13,"65":1,"66":1},"f":{"0":1,"1":35,"2":5,"3":3,"4":2,"5":3,"6":3,"7":8,"8":3,"9":5,"10":3,"11":4,"12":4,"13":4,"14":8,"15":8,"16":5,"17":5,"18":13},"b":{"0":[3,2],"1":[1,1],"2":[3,5],"3":[2,1],"4":[4,4],"5":[4,2,2]}}
,"D:\\projects\\root-coding-challenge\\src\\trip.ts": {"path":"D:\\projects\\root-coding-challenge\\src\\trip.ts","statementMap":{"0":{"start":{"line":1,"column":0},"end":{"line":1,"column":13}},"1":{"start":{"line":18,"column":8},"end":{"line":18,"column":37}},"2":{"start":{"line":19,"column":8},"end":{"line":19,"column":27}},"3":{"start":{"line":20,"column":8},"end":{"line":20,"column":23}},"4":{"start":{"line":21,"column":8},"end":{"line":21,"column":25}},"5":{"start":{"line":8,"column":4},"end":{"line":10,"column":null}},"6":{"start":{"line":9,"column":8},"end":{"line":9,"column":56}},"7":{"start":{"line":27,"column":4},"end":{"line":29,"column":null}},"8":{"start":{"line":28,"column":8},"end":{"line":28,"column":52}},"9":{"start":{"line":30,"column":0},"end":{"line":30,"column":null}},"10":{"start":{"line":1,"column":13},"end":{"line":1,"column":17}}},"fnMap":{"0":{"name":"(anonymous_0)","decl":{"start":{"line":1,"column":0},"end":{"line":1,"column":13}},"loc":{"start":{"line":1,"column":0},"end":{"line":30,"column":null}}},"1":{"name":"(anonymous_2)","decl":{"start":{"line":8,"column":4},"end":{"line":8,"column":8}},"loc":{"start":{"line":8,"column":4},"end":{"line":10,"column":5}}},"2":{"name":"(anonymous_3)","decl":{"start":{"line":27,"column":4},"end":{"line":27,"column":11}},"loc":{"start":{"line":27,"column":4},"end":{"line":29,"column":5}}}},"branchMap":{"0":{"loc":{"start":{"line":28,"column":15},"end":{"line":28,"column":32}},"type":"binary-expr","locations":[{"start":{"line":28,"column":15},"end":{"line":28,"column":32}},{"start":{"line":28,"column":36},"end":{"line":28,"column":51}}]}},"s":{"0":3,"1":27,"2":27,"3":27,"4":27,"5":3,"6":34,"7":3,"8":11,"9":3,"10":3},"f":{"0":3,"1":34,"2":11},"b":{"0":[11,8]}}
}
