{"D:\\projects\\root-coding-challenge\\src\\constants.ts": {"path":"D:\\projects\\root-coding-challenge\\src\\constants.ts","statementMap":{"0":{"start":{"line":1,"column":13},"end":{"line":1,"column":39}},"1":{"start":{"line":2,"column":13},"end":{"line":2,"column":35}}},"fnMap":{},"branchMap":{},"s":{"0":2,"1":2},"f":{},"b":{}}
,"D:\\projects\\root-coding-challenge\\src\\model.ts": {"path":"D:\\projects\\root-coding-challenge\\src\\model.ts","statementMap":{"0":{"start":{"line":1,"column":0},"end":{"line":1,"column":37}},"1":{"start":{"line":2,"column":0},"end":{"line":2,"column":59}},"2":{"start":{"line":5,"column":37},"end":{"line":5,"column":64}},"3":{"start":{"line":5,"column":63},"end":{"line":5,"column":93}},"4":{"start":{"line":5,"column":13},"end":{"line":5,"column":37}},"5":{"start":{"line":7,"column":0},"end":{"line":7,"column":13}},"6":{"start":{"line":24,"column":8},"end":{"line":24,"column":37}},"7":{"start":{"line":25,"column":8},"end":{"line":25,"column":27}},"8":{"start":{"line":26,"column":8},"end":{"line":26,"column":23}},"9":{"start":{"line":27,"column":8},"end":{"line":27,"column":25}},"10":{"start":{"line":14,"column":4},"end":{"line":16,"column":null}},"11":{"start":{"line":15,"column":8},"end":{"line":15,"column":56}},"12":{"start":{"line":33,"column":4},"end":{"line":35,"column":null}},"13":{"start":{"line":34,"column":8},"end":{"line":34,"column":52}},"14":{"start":{"line":36,"column":0},"end":{"line":36,"column":null}},"15":{"start":{"line":7,"column":13},"end":{"line":7,"column":17}},"16":{"start":{"line":38,"column":0},"end":{"line":38,"column":13}},"17":{"start":{"line":44,"column":8},"end":{"line":44,"column":25}},"18":{"start":{"line":45,"column":8},"end":{"line":45,"column":29}},"19":{"start":{"line":46,"column":8},"end":{"line":46,"column":26}},"20":{"start":{"line":54,"column":4},"end":{"line":56,"column":null}},"21":{"start":{"line":55,"column":8},"end":{"line":55,"column":33}},"22":{"start":{"line":64,"column":4},"end":{"line":70,"column":null}},"23":{"start":{"line":65,"column":8},"end":{"line":69,"column":null}},"24":{"start":{"line":66,"column":12},"end":{"line":66,"column":125}},"25":{"start":{"line":68,"column":12},"end":{"line":68,"column":39}},"26":{"start":{"line":72,"column":4},"end":{"line":76,"column":null}},"27":{"start":{"line":74,"column":8},"end":{"line":74,"column":42}},"28":{"start":{"line":75,"column":8},"end":{"line":75,"column":34}},"29":{"start":{"line":77,"column":0},"end":{"line":77,"column":null}},"30":{"start":{"line":38,"column":13},"end":{"line":38,"column":19}},"31":{"start":{"line":79,"column":0},"end":{"line":79,"column":13}},"32":{"start":{"line":83,"column":4},"end":{"line":83,"column":null}},"33":{"start":{"line":113,"column":4},"end":{"line":122,"column":null}},"34":{"start":{"line":114,"column":24},"end":{"line":114,"column":47}},"35":{"start":{"line":115,"column":8},"end":{"line":121,"column":null}},"36":{"start":{"line":116,"column":12},"end":{"line":116,"column":36}},"37":{"start":{"line":117,"column":15},"end":{"line":121,"column":null}},"38":{"start":{"line":118,"column":12},"end":{"line":118,"column":34}},"39":{"start":{"line":120,"column":12},"end":{"line":120,"column":56}},"40":{"start":{"line":127,"column":4},"end":{"line":129,"column":null}},"41":{"start":{"line":128,"column":8},"end":{"line":128,"column":42}},"42":{"start":{"line":84,"column":8},"end":{"line":84,"column":26}},"43":{"start":{"line":85,"column":8},"end":{"line":85,"column":24}},"44":{"start":{"line":92,"column":4},"end":{"line":107,"column":null}},"45":{"start":{"line":98,"column":17},"end":{"line":103,"column":10}},"46":{"start":{"line":105,"column":8},"end":{"line":106,"column":39}},"47":{"start":{"line":134,"column":4},"end":{"line":139,"column":null}},"48":{"start":{"line":134,"column":4},"end":{"line":134,"column":18}},"49":{"start":{"line":135,"column":8},"end":{"line":135,"column":44}},"50":{"start":{"line":136,"column":8},"end":{"line":138,"column":11}},"51":{"start":{"line":137,"column":8},"end":{"line":137,"column":47}},"52":{"start":{"line":145,"column":4},"end":{"line":151,"column":null}},"53":{"start":{"line":146,"column":8},"end":{"line":150,"column":null}},"54":{"start":{"line":147,"column":12},"end":{"line":147,"column":114}},"55":{"start":{"line":149,"column":12},"end":{"line":149,"column":45}},"56":{"start":{"line":158,"column":4},"end":{"line":160,"column":null}},"57":{"start":{"line":159,"column":8},"end":{"line":159,"column":59}},"58":{"start":{"line":167,"column":4},"end":{"line":169,"column":null}},"59":{"start":{"line":168,"column":8},"end":{"line":168,"column":49}},"60":{"start":{"line":177,"column":4},"end":{"line":183,"column":null}},"61":{"start":{"line":178,"column":21},"end":{"line":178,"column":48}},"62":{"start":{"line":179,"column":8},"end":{"line":182,"column":null}},"63":{"start":{"line":180,"column":12},"end":{"line":180,"column":31}},"64":{"start":{"line":181,"column":12},"end":{"line":181,"column":37}},"65":{"start":{"line":189,"column":4},"end":{"line":191,"column":null}},"66":{"start":{"line":190,"column":8},"end":{"line":190,"column":43}},"67":{"start":{"line":197,"column":4},"end":{"line":201,"column":null}},"68":{"start":{"line":198,"column":27},"end":{"line":198,"column":77}},"69":{"start":{"line":198,"column":50},"end":{"line":198,"column":77}},"70":{"start":{"line":199,"column":8},"end":{"line":199,"column":38}},"71":{"start":{"line":200,"column":8},"end":{"line":200,"column":90}},"72":{"start":{"line":200,"column":45},"end":{"line":200,"column":89}},"73":{"start":{"line":207,"column":4},"end":{"line":213,"column":null}},"74":{"start":{"line":208,"column":8},"end":{"line":212,"column":null}},"75":{"start":{"line":209,"column":33},"end":{"line":209,"column":null}},"76":{"start":{"line":210,"column":31},"end":{"line":210,"column":null}},"77":{"start":{"line":211,"column":21},"end":{"line":211,"column":null}},"78":{"start":{"line":219,"column":4},"end":{"line":221,"column":null}},"79":{"start":{"line":220,"column":8},"end":{"line":220,"column":46}},"80":{"start":{"line":227,"column":4},"end":{"line":234,"column":null}},"81":{"start":{"line":228,"column":22},"end":{"line":228,"column":37}},"82":{"start":{"line":229,"column":27},"end":{"line":229,"column":35}},"83":{"start":{"line":230,"column":22},"end":{"line":230,"column":46}},"84":{"start":{"line":231,"column":20},"end":{"line":231,"column":44}},"85":{"start":{"line":232,"column":21},"end":{"line":232,"column":41}},"86":{"start":{"line":233,"column":8},"end":{"line":233,"column":54}},"87":{"start":{"line":240,"column":4},"end":{"line":245,"column":null}},"88":{"start":{"line":241,"column":22},"end":{"line":241,"column":36}},"89":{"start":{"line":242,"column":22},"end":{"line":242,"column":42}},"90":{"start":{"line":243,"column":24},"end":{"line":243,"column":44}},"91":{"start":{"line":244,"column":8},"end":{"line":244,"column":38}},"92":{"start":{"line":246,"column":0},"end":{"line":246,"column":null}},"93":{"start":{"line":79,"column":13},"end":{"line":79,"column":19}}},"fnMap":{"0":{"name":"(anonymous_1)","decl":{"start":{"line":5,"column":37},"end":{"line":5,"column":38}},"loc":{"start":{"line":5,"column":58},"end":{"line":5,"column":64}}},"1":{"name":"(anonymous_2)","decl":{"start":{"line":7,"column":0},"end":{"line":7,"column":13}},"loc":{"start":{"line":7,"column":0},"end":{"line":36,"column":null}}},"2":{"name":"(anonymous_4)","decl":{"start":{"line":14,"column":4},"end":{"line":14,"column":8}},"loc":{"start":{"line":14,"column":4},"end":{"line":16,"column":5}}},"3":{"name":"(anonymous_5)","decl":{"start":{"line":33,"column":4},"end":{"line":33,"column":11}},"loc":{"start":{"line":33,"column":4},"end":{"line":35,"column":5}}},"4":{"name":"(anonymous_6)","decl":{"start":{"line":38,"column":0},"end":{"line":38,"column":13}},"loc":{"start":{"line":38,"column":0},"end":{"line":77,"column":null}}},"5":{"name":"Driver","decl":{"start":{"line":43,"column":4},"end":{"line":43,"column":16}},"loc":{"start":{"line":43,"column":28},"end":{"line":47,"column":5}}},"6":{"name":"(anonymous_8)","decl":{"start":{"line":54,"column":4},"end":{"line":54,"column":21}},"loc":{"start":{"line":54,"column":35},"end":{"line":56,"column":5}}},"7":{"name":"(anonymous_9)","decl":{"start":{"line":64,"column":4},"end":{"line":64,"column":18}},"loc":{"start":{"line":64,"column":29},"end":{"line":70,"column":5}}},"8":{"name":"(anonymous_10)","decl":{"start":{"line":72,"column":4},"end":{"line":72,"column":16}},"loc":{"start":{"line":72,"column":27},"end":{"line":76,"column":5}}},"9":{"name":"(anonymous_11)","decl":{"start":{"line":79,"column":0},"end":{"line":79,"column":13}},"loc":{"start":{"line":79,"column":0},"end":{"line":246,"column":null}}},"10":{"name":"Report","decl":{"start":{"line":83,"column":4},"end":{"line":83,"column":null}},"loc":{"start":{"line":83,"column":4},"end":{"line":86,"column":5}}},"11":{"name":"(anonymous_13)","decl":{"start":{"line":113,"column":17},"end":{"line":113,"column":18}},"loc":{"start":{"line":113,"column":30},"end":{"line":122,"column":5}}},"12":{"name":"(anonymous_14)","decl":{"start":{"line":127,"column":18},"end":{"line":127,"column":null}},"loc":{"start":{"line":127,"column":18},"end":{"line":129,"column":5}}},"13":{"name":"(anonymous_15)","decl":{"start":{"line":92,"column":4},"end":{"line":92,"column":7}},"loc":{"start":{"line":92,"column":4},"end":{"line":107,"column":5}}},"14":{"name":"(anonymous_16)","decl":{"start":{"line":134,"column":4},"end":{"line":134,"column":18}},"loc":{"start":{"line":134,"column":41},"end":{"line":139,"column":5}}},"15":{"name":"(anonymous_17)","decl":{"start":{"line":136,"column":24},"end":{"line":136,"column":30}},"loc":{"start":{"line":136,"column":30},"end":{"line":138,"column":9}}},"16":{"name":"(anonymous_18)","decl":{"start":{"line":145,"column":4},"end":{"line":145,"column":16}},"loc":{"start":{"line":145,"column":31},"end":{"line":151,"column":5}}},"17":{"name":"(anonymous_19)","decl":{"start":{"line":158,"column":4},"end":{"line":158,"column":16}},"loc":{"start":{"line":158,"column":29},"end":{"line":160,"column":5}}},"18":{"name":"(anonymous_20)","decl":{"start":{"line":167,"column":4},"end":{"line":167,"column":18}},"loc":{"start":{"line":167,"column":33},"end":{"line":169,"column":5}}},"19":{"name":"(anonymous_21)","decl":{"start":{"line":177,"column":4},"end":{"line":177,"column":14}},"loc":{"start":{"line":177,"column":27},"end":{"line":183,"column":5}}},"20":{"name":"(anonymous_22)","decl":{"start":{"line":189,"column":4},"end":{"line":189,"column":11}},"loc":{"start":{"line":189,"column":22},"end":{"line":191,"column":5}}},"21":{"name":"(anonymous_23)","decl":{"start":{"line":197,"column":4},"end":{"line":197,"column":17}},"loc":{"start":{"line":197,"column":28},"end":{"line":201,"column":5}}},"22":{"name":"(anonymous_24)","decl":{"start":{"line":198,"column":45},"end":{"line":198,"column":46}},"loc":{"start":{"line":198,"column":46},"end":{"line":198,"column":51}}},"23":{"name":"(anonymous_25)","decl":{"start":{"line":200,"column":40},"end":{"line":200,"column":41}},"loc":{"start":{"line":200,"column":41},"end":{"line":200,"column":46}}},"24":{"name":"(anonymous_26)","decl":{"start":{"line":207,"column":4},"end":{"line":207,"column":16}},"loc":{"start":{"line":207,"column":29},"end":{"line":213,"column":5}}},"25":{"name":"(anonymous_27)","decl":{"start":{"line":219,"column":4},"end":{"line":219,"column":22}},"loc":{"start":{"line":219,"column":35},"end":{"line":221,"column":5}}},"26":{"name":"(anonymous_28)","decl":{"start":{"line":227,"column":4},"end":{"line":227,"column":20}},"loc":{"start":{"line":227,"column":33},"end":{"line":234,"column":5}}},"27":{"name":"(anonymous_29)","decl":{"start":{"line":240,"column":4},"end":{"line":240,"column":13}},"loc":{"start":{"line":240,"column":25},"end":{"line":245,"column":5}}}},"branchMap":{"0":{"loc":{"start":{"line":34,"column":15},"end":{"line":34,"column":32}},"type":"binary-expr","locations":[{"start":{"line":34,"column":15},"end":{"line":34,"column":32}},{"start":{"line":34,"column":36},"end":{"line":34,"column":51}}]},"1":{"loc":{"start":{"line":65,"column":8},"end":{"line":69,"column":null}},"type":"if","locations":[{"start":{"line":65,"column":8},"end":{"line":69,"column":null}},{"start":{"line":65,"column":8},"end":{"line":69,"column":null}}]},"2":{"loc":{"start":{"line":115,"column":8},"end":{"line":121,"column":null}},"type":"if","locations":[{"start":{"line":115,"column":8},"end":{"line":121,"column":null}},{"start":{"line":115,"column":8},"end":{"line":121,"column":null}}]},"3":{"loc":{"start":{"line":117,"column":15},"end":{"line":121,"column":null}},"type":"if","locations":[{"start":{"line":117,"column":15},"end":{"line":121,"column":null}},{"start":{"line":117,"column":15},"end":{"line":121,"column":null}}]},"4":{"loc":{"start":{"line":146,"column":8},"end":{"line":150,"column":null}},"type":"if","locations":[{"start":{"line":146,"column":8},"end":{"line":150,"column":null}},{"start":{"line":146,"column":8},"end":{"line":150,"column":null}}]},"5":{"loc":{"start":{"line":179,"column":8},"end":{"line":182,"column":null}},"type":"if","locations":[{"start":{"line":179,"column":8},"end":{"line":182,"column":null}},{"start":{"line":179,"column":8},"end":{"line":182,"column":null}}]},"6":{"loc":{"start":{"line":200,"column":74},"end":{"line":200,"column":84}},"type":"cond-expr","locations":[{"start":{"line":200,"column":74},"end":{"line":200,"column":84}},{"start":{"line":200,"column":87},"end":{"line":200,"column":88}}]},"7":{"loc":{"start":{"line":209,"column":12},"end":{"line":209,"column":null}},"type":"switch","locations":[{"start":{"line":209,"column":12},"end":{"line":209,"column":null}},{"start":{"line":210,"column":12},"end":{"line":210,"column":null}},{"start":{"line":211,"column":12},"end":{"line":211,"column":null}}]}},"s":{"0":2,"1":2,"2":2,"3":3,"4":2,"5":2,"6":27,"7":27,"8":27,"9":27,"10":2,"11":34,"12":2,"13":11,"14":2,"15":2,"16":2,"17":33,"18":33,"19":33,"20":2,"21":15,"22":2,"23":13,"24":4,"25":9,"26":2,"27":8,"28":8,"29":2,"30":2,"31":2,"32":35,"33":35,"34":5,"35":5,"36":3,"37":2,"38":1,"39":1,"40":35,"41":3,"42":35,"43":35,"44":2,"45":2,"46":2,"47":2,"48":3,"49":3,"50":3,"51":3,"52":2,"53":8,"54":3,"55":5,"56":2,"57":3,"58":2,"59":5,"60":2,"61":3,"62":3,"63":2,"64":2,"65":2,"66":4,"67":2,"68":4,"69":4,"70":4,"71":4,"72":8,"73":2,"74":8,"75":4,"76":2,"77":2,"78":2,"79":5,"80":2,"81":5,"82":5,"83":5,"84":5,"85":5,"86":5,"87":2,"88":13,"89":13,"90":13,"91":13,"92":2,"93":2},"f":{"0":3,"1":2,"2":34,"3":11,"4":2,"5":33,"6":15,"7":13,"8":8,"9":2,"10":35,"11":5,"12":3,"13":2,"14":3,"15":3,"16":8,"17":3,"18":5,"19":3,"20":4,"21":4,"22":4,"23":8,"24":8,"25":5,"26":5,"27":13},"b":{"0":[11,8],"1":[4,9],"2":[3,2],"3":[1,1],"4":[3,5],"5":[2,1],"6":[4,4],"7":[4,2,2]}}
}
