TN:
SF:index.ts
FN:8,(anonymous_1)
FN:14,parseCommand
FN:26,parseDriverCommand
FN:34,parseTripCommand
FN:47,parseTime
FN:59,registerDriver
FN:68,addTrip
FN:77,updateDrivers
FN:78,(anonymous_9)
FN:80,(anonymous_10)
FN:87,generateLine
FN:98,generateReport
FN:100,(anonymous_13)
FN:109,main
FN:125,(anonymous_15)
FN:140,(anonymous_16)
FNF:16
FNH:12
FNDA:3,(anonymous_1)
FNDA:3,parseCommand
FNDA:2,parseDriverCommand
FNDA:2,parseTripCommand
FNDA:7,parseTime
FNDA:3,registerDriver
FNDA:3,addTrip
FNDA:6,updateDrivers
FNDA:9,(anonymous_9)
FNDA:18,(anonymous_10)
FNDA:5,generateLine
FNDA:0,generateReport
FNDA:0,(anonymous_13)
FNDA:1,main
FNDA:0,(anonymous_15)
FNDA:0,(anonymous_16)
DA:1,1
DA:2,1
DA:3,1
DA:5,1
DA:8,3
DA:14,1
DA:15,3
DA:16,1
DA:17,1
DA:18,1
DA:26,1
DA:27,2
DA:34,1
DA:35,2
DA:36,2
DA:37,2
DA:38,2
DA:39,2
DA:40,2
DA:47,1
DA:48,7
DA:49,7
DA:50,7
DA:51,7
DA:59,1
DA:60,3
DA:68,1
DA:69,3
DA:77,1
DA:78,9
DA:79,6
DA:80,18
DA:87,1
DA:88,5
DA:89,2
DA:91,3
DA:98,1
DA:99,0
DA:100,0
DA:101,0
DA:109,1
DA:110,1
DA:111,1
DA:118,1
DA:125,1
DA:126,0
DA:127,0
DA:128,0
DA:129,0
DA:130,0
DA:132,0
DA:133,0
DA:134,0
DA:138,0
DA:142,0
DA:143,0
LF:56
LH:42
BRDA:16,0,0,1
BRDA:16,0,1,1
BRDA:16,0,2,1
BRDA:80,1,0,6
BRDA:80,1,1,12
BRDA:88,2,0,2
BRDA:88,2,1,3
BRDA:127,3,0,0
BRDA:127,3,1,0
BRDA:129,4,0,0
BRDA:129,4,1,0
BRDA:132,5,0,0
BRDA:132,5,1,0
BRF:13
BRH:7
end_of_record
TN:
SF:src\constants.ts
FNF:0
FNH:0
DA:1,1
DA:2,1
LF:2
LH:2
BRF:0
BRH:0
end_of_record
TN:
SF:src\model.ts
FN:1,(anonymous_0)
FN:8,(anonymous_2)
FN:27,(anonymous_3)
FN:32,(anonymous_4)
FN:37,Driver
FN:48,(anonymous_6)
FN:58,(anonymous_7)
FN:66,(anonymous_8)
FNF:8
FNH:8
FNDA:2,(anonymous_0)
FNDA:28,(anonymous_2)
FNDA:8,(anonymous_3)
FNDA:2,(anonymous_4)
FNDA:30,Driver
FNDA:14,(anonymous_6)
FNDA:12,(anonymous_7)
FNDA:7,(anonymous_8)
DA:1,2
DA:8,2
DA:9,28
DA:18,26
DA:19,26
DA:20,26
DA:21,26
DA:27,2
DA:28,8
DA:30,2
DA:32,2
DA:38,30
DA:39,30
DA:40,30
DA:48,2
DA:49,14
DA:58,2
DA:59,12
DA:60,4
DA:62,8
DA:66,2
DA:68,7
DA:69,7
DA:71,2
LF:24
LH:24
BRDA:28,0,0,8
BRDA:28,0,1,6
BRDA:59,1,0,4
BRDA:59,1,1,8
BRF:4
BRH:4
end_of_record
