TN:
SF:src\constants.ts
FN:7,(anonymous_0)
FNF:1
FNH:1
FNDA:3,(anonymous_0)
DA:3,1
DA:4,1
DA:7,3
LF:3
LH:3
BRF:0
BRH:0
end_of_record
TN:
SF:src\driver.ts
FN:3,(anonymous_0)
FN:8,Driver
FN:19,(anonymous_2)
FN:29,(anonymous_3)
FN:37,(anonymous_4)
FNF:5
FNH:5
FNDA:2,(anonymous_0)
FNDA:33,Driver
FNDA:15,(anonymous_2)
FNDA:13,(anonymous_3)
FNDA:8,(anonymous_4)
DA:3,2
DA:9,33
DA:10,33
DA:11,33
DA:19,2
DA:20,15
DA:29,2
DA:30,13
DA:31,4
DA:33,9
DA:37,2
DA:39,8
DA:40,8
DA:42,2
LF:14
LH:14
BRDA:30,0,0,4
BRDA:30,0,1,9
BRF:2
BRH:2
end_of_record
TN:
SF:src\report.ts
FN:6,(anonymous_1)
FN:10,Report
FN:40,(anonymous_3)
FN:54,(anonymous_4)
FN:19,(anonymous_5)
FN:61,(anonymous_6)
FN:63,(anonymous_7)
FN:72,(anonymous_8)
FN:85,(anonymous_9)
FN:94,(anonymous_10)
FN:104,(anonymous_11)
FN:116,(anonymous_12)
FN:124,(anonymous_13)
FN:125,(anonymous_14)
FN:127,(anonymous_15)
FN:134,(anonymous_16)
FN:146,(anonymous_17)
FN:154,(anonymous_18)
FN:167,(anonymous_19)
FNF:19
FNH:19
FNDA:1,(anonymous_1)
FNDA:35,Report
FNDA:5,(anonymous_3)
FNDA:3,(anonymous_4)
FNDA:2,(anonymous_5)
FNDA:3,(anonymous_6)
FNDA:3,(anonymous_7)
FNDA:8,(anonymous_8)
FNDA:3,(anonymous_9)
FNDA:5,(anonymous_10)
FNDA:3,(anonymous_11)
FNDA:4,(anonymous_12)
FNDA:4,(anonymous_13)
FNDA:4,(anonymous_14)
FNDA:8,(anonymous_15)
FNDA:8,(anonymous_16)
FNDA:5,(anonymous_17)
FNDA:5,(anonymous_18)
FNDA:13,(anonymous_19)
DA:1,1
DA:2,1
DA:3,1
DA:4,1
DA:6,1
DA:10,35
DA:11,35
DA:12,35
DA:19,1
DA:25,2
DA:32,2
DA:40,35
DA:41,5
DA:42,5
DA:43,3
DA:44,2
DA:45,1
DA:47,1
DA:54,35
DA:55,3
DA:61,3
DA:62,3
DA:63,3
DA:64,3
DA:72,1
DA:73,8
DA:74,3
DA:76,5
DA:85,1
DA:86,3
DA:94,1
DA:95,5
DA:104,1
DA:105,3
DA:106,3
DA:107,2
DA:108,2
DA:116,1
DA:117,4
DA:124,1
DA:125,4
DA:126,4
DA:127,8
DA:134,1
DA:135,8
DA:136,4
DA:137,2
DA:138,2
DA:146,1
DA:147,5
DA:154,1
DA:155,5
DA:156,5
DA:157,5
DA:158,5
DA:159,5
DA:160,5
DA:167,1
DA:168,13
DA:169,13
DA:170,13
DA:171,13
DA:173,1
LF:63
LH:63
BRDA:42,0,0,3
BRDA:42,0,1,2
BRDA:44,1,0,1
BRDA:44,1,1,1
BRDA:73,2,0,3
BRDA:73,2,1,5
BRDA:106,3,0,2
BRDA:106,3,1,1
BRDA:127,4,0,4
BRDA:127,4,1,4
BRDA:136,5,0,4
BRDA:136,5,1,2
BRDA:136,5,2,2
BRF:13
BRH:13
end_of_record
TN:
SF:src\trip.ts
FN:1,(anonymous_0)
FN:8,(anonymous_2)
FN:27,(anonymous_3)
FNF:3
FNH:3
FNDA:3,(anonymous_0)
FNDA:34,(anonymous_2)
FNDA:11,(anonymous_3)
DA:1,3
DA:8,3
DA:9,34
DA:18,27
DA:19,27
DA:20,27
DA:21,27
DA:27,3
DA:28,11
DA:30,3
LF:10
LH:10
BRDA:28,0,0,11
BRDA:28,0,1,8
BRF:2
BRH:2
end_of_record
